<?xml version="1.0" encoding="UTF-8"?>
<!-- Generated by org.testng.reporters.JUnitReportReporter -->
<testsuite hostname="LTIN226766" failures="0" tests="45" name="TestCases.UI_CheckForInterestRATECalc" time="71.056" errors="0" timestamp="2024-02-15T11:37:21 IST" skipped="0">
  <testcase classname="TestCases.UI_CheckForInterestRATECalc" name="search_action" time="1.454"/>
  <testcase classname="TestCases.UI_CheckForInterestRATECalc" name="search" time="2.522"/>
  <testcase classname="TestCases.UI_CheckForInterestRATECalc" name="open_webpage" time="8.767"/>
  <testcase classname="TestCases.UI_CheckForInterestRATECalc" name="clickONCarloan" time="0.363"/>
  <testcase classname="TestCases.UI_CheckForInterestRATECalc" name="refreshPage" time="1.178"/>
  <testcase classname="TestCases.UI_CheckForInterestRATECalc" name="load_EMICalculator_LINK" time="9.013"/>
  <testcase classname="TestCases.UI_CheckForInterestRATECalc" name="HomeLoan_Validation" time="8.127"/>
  <testcase classname="TestCases.UI_CheckForInterestRATECalc" name="setHomeValue_InCalculator" time="0.346"/>
  <testcase classname="TestCases.UI_CheckForInterestRATECalc" name="setDownPayment_InCalculator" time="0.708"/>
  <testcase classname="TestCases.UI_CheckForInterestRATECalc" name="setting_LoanInsurance_Amount" time="0.210"/>
  <testcase classname="TestCases.UI_CheckForInterestRATECalc" name="Loan_Amt_Validation" time="0.085"/>
  <testcase classname="TestCases.UI_CheckForInterestRATECalc" name="set_Interest_Rate" time="0.285"/>
  <testcase classname="TestCases.UI_CheckForInterestRATECalc" name="Setting_Loan_Duration" time="0.378"/>
  <testcase classname="TestCases.UI_CheckForInterestRATECalc" name="Loan_charges_set" time="2.424"/>
  <testcase classname="TestCases.UI_CheckForInterestRATECalc" name="Loan_StartMonthAndYear_calenderOperations" time="0.176"/>
  <testcase classname="TestCases.UI_CheckForInterestRATECalc" name="LoanStartMonthAndYear_setting" time="0.395"/>
  <testcase classname="TestCases.UI_CheckForInterestRATECalc" name="setting_OneTimeExpenses" time="2.442"/>
  <testcase classname="TestCases.UI_CheckForInterestRATECalc" name="propertyTaxesperyear" time="2.334"/>
  <testcase classname="TestCases.UI_CheckForInterestRATECalc" name="HomeInsurancePerYear_setting" time="3.229"/>
  <testcase classname="TestCases.UI_CheckForInterestRATECalc" name="SettingMaintenanceExpenses" time="0.166"/>
  <testcase classname="TestCases.UI_CheckForInterestRATECalc" name="implementing_ExcelMethods_toStoreData" time="13.826"/>
  <testcase classname="TestCases.UI_CheckForInterestRATECalc" name="Navigation_toNextPage" time="3.572"/>
  <testcase classname="TestCases.UI_CheckForInterestRATECalc" name="validation_Of_EMI_Calculator" time="0.117"/>
  <testcase classname="TestCases.UI_CheckForInterestRATECalc" name="validationOf_Loan_Amount_Calculator" time="0.075"/>
  <testcase classname="TestCases.UI_CheckForInterestRATECalc" name="validationOf_Loan_Tenure_Calculator" time="0.061"/>
  <testcase classname="TestCases.UI_CheckForInterestRATECalc" name="validationOf_Loan_Interest_Calculator" time="0.059"/>
  <testcase classname="TestCases.UI_CheckForInterestRATECalc" name="does_setingLoan_Amount" time="0.229"/>
  <testcase classname="TestCases.UI_CheckForInterestRATECalc" name="does_setingLoan_Interest_Rate" time="0.364"/>
  <testcase classname="TestCases.UI_CheckForInterestRATECalc" name="LoanTennure_CalculatorIs_Present_Validation" time="0.325"/>
  <testcase classname="TestCases.UI_CheckForInterestRATECalc" name="does_setingLoan_FeesAndCharges" time="0.399"/>
  <testcase classname="TestCases.UI_CheckForInterestRATECalc" name="needTo_setLoan_Amount" time="0.254"/>
  <testcase classname="TestCases.UI_CheckForInterestRATECalc" name="needTo_setLoan_Interest_Rate" time="0.311"/>
  <testcase classname="TestCases.UI_CheckForInterestRATECalc" name="needTo_setLoan_Tennure" time="0.400"/>
  <testcase classname="TestCases.UI_CheckForInterestRATECalc" name="needTo_setLoan_FeesAndCharges" time="0.468"/>
  <testcase classname="TestCases.UI_CheckForInterestRATECalc" name="needTo_NavigateToNxtPage" time="0.191"/>
  <testcase classname="TestCases.UI_CheckForInterestRATECalc" name="do_setsLoan_Amount" time="3.225"/>
  <testcase classname="TestCases.UI_CheckForInterestRATECalc" name="do_setsEMI_Amount" time="0.318"/>
  <testcase classname="TestCases.UI_CheckForInterestRATECalc" name="do_setsLoan_AmountInterest_RATE" time="0.350"/>
  <testcase classname="TestCases.UI_CheckForInterestRATECalc" name="do_setsFees_AND_Charges_Amount" time="0.379"/>
  <testcase classname="TestCases.UI_CheckForInterestRATECalc" name="do_NavigateToNextPAGE" time="0.182"/>
  <testcase classname="TestCases.UI_CheckForInterestRATECalc" name="do_settingLoan_Amount" time="0.292"/>
  <testcase classname="TestCases.UI_CheckForInterestRATECalc" name="do_settingEMI_Amount" time="0.299"/>
  <testcase classname="TestCases.UI_CheckForInterestRATECalc" name="do_setingLoan_Tennure" time="0.308"/>
  <testcase classname="TestCases.UI_CheckForInterestRATECalc" name="do_setingLoan_FeesAndCharges" time="0.413"/>
  <testcase classname="TestCases.UI_CheckForInterestRATECalc" name="do_validation_Result" time="0.037"/>
</testsuite> <!-- TestCases.UI_CheckForInterestRATECalc -->
