<?xml version="1.0" encoding="UTF-8"?>
<!-- Generated by org.testng.reporters.JUnitReportReporter -->
<testsuite hostname="LTIN226766" failures="0" tests="25" name="TestCases.HomeLoanEMICalculator_Test" time="60.927" errors="0" timestamp="2024-02-02T11:00:32 IST" skipped="0">
  <testcase classname="TestCases.HomeLoanEMICalculator_Test" name="search_action" time="1.781"/>
  <testcase classname="TestCases.HomeLoanEMICalculator_Test" name="search" time="0.558"/>
  <testcase classname="TestCases.HomeLoanEMICalculator_Test" name="open_webpage" time="9.187"/>
  <testcase classname="TestCases.HomeLoanEMICalculator_Test" name="clickONCarloan" time="0.507"/>
  <testcase classname="TestCases.HomeLoanEMICalculator_Test" name="refreshPage" time="0.983"/>
  <testcase classname="TestCases.HomeLoanEMICalculator_Test" name="load_EMICalculator_LINK" time="5.430"/>
  <testcase classname="TestCases.HomeLoanEMICalculator_Test" name="HomeLoan_Validation" time="0.114"/>
  <testcase classname="TestCases.HomeLoanEMICalculator_Test" name="advertisement_handling" time="20.103"/>
  <testcase classname="TestCases.HomeLoanEMICalculator_Test" name="setHomeValue_InCalculator" time="0.406"/>
  <testcase classname="TestCases.HomeLoanEMICalculator_Test" name="setDownPayment_InCalculator" time="0.396"/>
  <testcase classname="TestCases.HomeLoanEMICalculator_Test" name="clickOn_DownPayment_Button_Select_Rupees" time="0.290"/>
  <testcase classname="TestCases.HomeLoanEMICalculator_Test" name="Down_Payment_Amount" time="0.066"/>
  <testcase classname="TestCases.HomeLoanEMICalculator_Test" name="setting_LoanInsurance_Amount" time="0.202"/>
  <testcase classname="TestCases.HomeLoanEMICalculator_Test" name="Loan_Amt_Validation" time="0.060"/>
  <testcase classname="TestCases.HomeLoanEMICalculator_Test" name="set_Interest_Rate" time="0.384"/>
  <testcase classname="TestCases.HomeLoanEMICalculator_Test" name="Loan_charges_set" time="4.518"/>
  <testcase classname="TestCases.HomeLoanEMICalculator_Test" name="Setting_Loan_Duration" time="0.204"/>
  <testcase classname="TestCases.HomeLoanEMICalculator_Test" name="convert_Year_ToMonths" time="0.173"/>
  <testcase classname="TestCases.HomeLoanEMICalculator_Test" name="Loan_StartMonthAndYear_calenderOperations" time="0.192"/>
  <testcase classname="TestCases.HomeLoanEMICalculator_Test" name="LoanStartMonthAndYear_setting" time="0.329"/>
  <testcase classname="TestCases.HomeLoanEMICalculator_Test" name="setting_OneTimeExpenses" time="3.336"/>
  <testcase classname="TestCases.HomeLoanEMICalculator_Test" name="propertyTaxesperyear" time="3.289"/>
  <testcase classname="TestCases.HomeLoanEMICalculator_Test" name="HomeInsurancePerYear_setting" time="3.363"/>
  <testcase classname="TestCases.HomeLoanEMICalculator_Test" name="SettingMaintenanceExpenses" time="0.181"/>
  <testcase classname="TestCases.HomeLoanEMICalculator_Test" name="implementing_ExcelMethods_toStoreData" time="4.875"/>
</testsuite> <!-- TestCases.HomeLoanEMICalculator_Test -->
