<?xml version="1.0" encoding="UTF-8"?>
<!-- Generated by org.testng.reporters.JUnitReportReporter -->
<testsuite hostname="LTIN226766" failures="0" tests="26" name="TestCases.UI_CheckForCalculators" time="76.148" errors="0" timestamp="2024-02-05T10:17:44 IST" skipped="0">
  <testcase classname="TestCases.UI_CheckForCalculators" name="search_action" time="2.116"/>
  <testcase classname="TestCases.UI_CheckForCalculators" name="search" time="0.490"/>
  <testcase classname="TestCases.UI_CheckForCalculators" name="open_webpage" time="13.141"/>
  <testcase classname="TestCases.UI_CheckForCalculators" name="clickONCarloan" time="0.243"/>
  <testcase classname="TestCases.UI_CheckForCalculators" name="refreshPage" time="3.122"/>
  <testcase classname="TestCases.UI_CheckForCalculators" name="load_EMICalculator_LINK" time="8.580"/>
  <testcase classname="TestCases.UI_CheckForCalculators" name="HomeLoan_Validation" time="21.252"/>
  <testcase classname="TestCases.UI_CheckForCalculators" name="setHomeValue_InCalculator" time="0.500"/>
  <testcase classname="TestCases.UI_CheckForCalculators" name="setDownPayment_InCalculator" time="1.022"/>
  <testcase classname="TestCases.UI_CheckForCalculators" name="setting_LoanInsurance_Amount" time="0.375"/>
  <testcase classname="TestCases.UI_CheckForCalculators" name="Loan_Amt_Validation" time="0.127"/>
  <testcase classname="TestCases.UI_CheckForCalculators" name="set_Interest_Rate" time="0.613"/>
  <testcase classname="TestCases.UI_CheckForCalculators" name="Setting_Loan_Duration" time="0.762"/>
  <testcase classname="TestCases.UI_CheckForCalculators" name="Loan_charges_set" time="4.614"/>
  <testcase classname="TestCases.UI_CheckForCalculators" name="Loan_StartMonthAndYear_calenderOperations" time="0.243"/>
  <testcase classname="TestCases.UI_CheckForCalculators" name="LoanStartMonthAndYear_setting" time="0.390"/>
  <testcase classname="TestCases.UI_CheckForCalculators" name="setting_OneTimeExpenses" time="2.562"/>
  <testcase classname="TestCases.UI_CheckForCalculators" name="propertyTaxesperyear" time="2.511"/>
  <testcase classname="TestCases.UI_CheckForCalculators" name="HomeInsurancePerYear_setting" time="3.632"/>
  <testcase classname="TestCases.UI_CheckForCalculators" name="SettingMaintenanceExpenses" time="0.337"/>
  <testcase classname="TestCases.UI_CheckForCalculators" name="implementing_ExcelMethods_toStoreData" time="5.132"/>
  <testcase classname="TestCases.UI_CheckForCalculators" name="Navigation_toNextPage" time="3.935"/>
  <testcase classname="TestCases.UI_CheckForCalculators" name="emiCalculator_Is_Present_Validation" time="0.183"/>
  <testcase classname="TestCases.UI_CheckForCalculators" name="LoanAmountCalculator_Is_Present_Validation" time="0.091"/>
  <testcase classname="TestCases.UI_CheckForCalculators" name="LoanTennure_CalculatorIs_Present_Validation" time="0.093"/>
  <testcase classname="TestCases.UI_CheckForCalculators" name="LoanInterest_CalculatorIs_Present_Validation" time="0.082"/>
</testsuite> <!-- TestCases.UI_CheckForCalculators -->
